                        ; --------------------------------------
                        ; zasm: assemble "image.asm"
                        ; date: 2025-09-12 19:29:15
                        ; --------------------------------------


                        ;+-- Reset --- 
8000:                           .org $8000
                        				
8000: F3       [ 4]     				di
8001: 011180   [14]     				ld bc, image
8004: 210080   [24]     				ld hl, $8000
8007:                   write:
8007: 0A       [ 7]     				ld a, (bc)
8008: 77       [14]     				ld (hl), a
8009: 03       [20]     				inc bc
800A: 23       [26]     				inc hl
800B: 7C       [30]     				ld a, h
800C: B5       [34]     				or l
800D: C20780   [44|44]  				jp nz, write
8010: 76       [48]     				halt
                        
8011:                   image:
8011: 11111111          				.incbin "out80x50.bin"
8015: 11111111          
8019: 11111C1C          
801D: 1C1C1C1C          
8021: 9C9C8B8B          
8025: BBBBCCCC          
8029: CC9CC9CC          
802D: 1C9C9C19          
8031: 99999966          
8035: 96666667          
8039: 11111111          
803D: 11111111          
8041: 11C1C1C1          
8045: C1C111C1          
8049: C9CCC8C8          
804D: B8B8BCC9          
8051: CC1C1C1C          
8055: C1C1C1CC          
8059: 19919994          
805D: 69476666          
8061: 10111111          
8065: 11111111          
8069: 1111111C          
806D: 1C1C1C1C          
8071: 9C9C8BBB          
8075: BCBBCCCC          
8079: 9CC1C1C1          
807D: CC1C1C19          
8081: C9999499          
8085: 46696666          
8089: 01111111          
808D: 11111111          
8091: 1111C1C1          
8095: C1C1C1C1          
8099: C9C9C8C8          
809D: B8B8B9C9          
80A1: CC9CCCCC          
80A5: C1C1CC9C          
80A9: 91999999          
80AD: 96946646          
80B1: 11101111          
80B5: 11111111          
80B9: C1C1C1C1          
80BD: C1C1C1CC          
80C1: C9C9C8BB          
80C5: 8BBBCC9B          
80C9: 99C99999          
80CD: C9CC9191          
80D1: 99969696          
80D5: 94696466          
80D9: 11111111          
80DD: 11111111          
80E1: 1111C1C9          
80E5: 9C9C1C19          
80E9: C9999B8B          
80ED: B8B8BBB9          
80F1: C9C9CCC9          
80F5: 9C999C99          
80F9: 96969679          
80FD: 99669666          
8101: 11111111          
8105: 11111C11          
8109: C11C1C91          
810D: 9999C9C9          
8111: 9C9C98B8          
8115: BB8BB9CB          
8119: BC9C999C          
811D: 99999999          
8121: 99697777          
8125: 76867697          
8129: 11111111          
812D: 11111111          
8131: 11C1999C          
8135: 99999999          
8139: 999999B8          
813D: B8BB8BBB          
8141: 9BB9C8C8          
8145: 88C99996          
8149: 96997798          
814D: 68979666          
8151: 11111121          
8155: 11111C1C          
8159: 1C1C9999          
815D: 99999999          
8161: 99798B88          
8165: 85BBB988          
8169: BB8B8B8B          
816D: 8B899997          
8171: 77777779          
8175: 96767677          
8179: 11111111          
817D: 11111111          
8181: 91919999          
8185: 99999677          
8189: 7777977B          
818D: 89D3DAAB          
8191: B8BB8B8B          
8195: 88B88979          
8199: 77997987          
819D: 86867667          
81A1: 11111118          
81A5: 19119199          
81A9: 19999999          
81AD: 77779797          
81B1: 97777879          
81B5: 75E33DBA          
81B9: AB8BB8B8          
81BD: 8B899799          
81C1: 99779799          
81C5: 99486666          
81C9: 14414484          
81CD: 14119191          
81D1: 99669677          
81D5: 79797677          
81D9: 77777775          
81DD: AAA333CC          
81E1: CAB8B8B8          
81E5: B9898799          
81E9: 97999898          
81ED: 99964646          
81F1: 44444444          
81F5: 48444666          
81F9: 66696966          
81FD: 76776777          
8201: 777768AA          
8205: A555338C          
8209: CCBECC88          
820D: 88B89999          
8211: 99999999          
8215: 94848494          
8219: 44444444          
821D: 44464466          
8221: 46666766          
8225: 67677667          
8229: 77766AA5          
822D: 555533CC          
8231: 1CCEFDCC          
8235: 8B898999          
8239: 99999989          
823D: 89199494          
8241: 44444449          
8245: 44444646          
8249: 66666666          
824D: 66676666          
8251: 67665A55          
8255: 777533CC          
8259: 11CBFFD8          
825D: 98989899          
8261: 99999999          
8265: 19819994          
8269: 44444444          
826D: 44646466          
8271: 66666674          
8275: 74767667          
8279: 7665D555          
827D: 577533CC          
8281: CCCDBBDD          
8285: 99899999          
8289: 99919919          
828D: 99199946          
8291: 44444444          
8295: 44444464          
8299: 64666647          
829D: 47676667          
82A1: 465D5555          
82A5: 5553331C          
82A9: CCBDCCBB          
82AD: 99989999          
82B1: 99199199          
82B5: 19899966          
82B9: 44144444          
82BD: 44444446          
82C1: 46466666          
82C5: 64646664          
82C9: 75D55555          
82CD: 5533330C          
82D1: CCC16999          
82D5: 99998999          
82D9: 99919999          
82DD: 89988977          
82E1: 14141444          
82E5: 44444444          
82E9: 64644664          
82ED: 66666647          
82F1: D5555555          
82F5: 55533320          
82F9: CC177999          
82FD: 98989999          
8301: 99991999          
8305: 98999797          
8309: 41141444          
830D: 44444444          
8311: 44446646          
8315: 6446447D          
8319: 55575555          
831D: 55553222          
8321: 20679968          
8325: 99999819          
8329: 91919989          
832D: 89989877          
8331: 11411114          
8335: 14114144          
8339: 44464464          
833D: 466447D5          
8341: 55575555          
8345: 55353D22          
8349: D2669686          
834D: 98989999          
8351: 98698688          
8355: 98877777          
8359: 11114141          
835D: 41411444          
8361: 44446464          
8365: 644475A5          
8369: 57777755          
836D: 55535351          
8371: 2D266648          
8375: 68888888          
8379: 68668968          
837D: 77887877          
8381: 41411414          
8385: 14141114          
8389: 44644644          
838D: 44465557          
8391: 77777555          
8395: 53555D30          
8399: 22D64884          
839D: 88898868          
83A1: 88884886          
83A5: 88778786          
83A9: 11111141          
83AD: 41411141          
83B1: 44444646          
83B5: 4445A575          
83B9: 55755575          
83BD: 88555EE8          
83C1: 22224448          
83C5: 84888888          
83C9: 78748784          
83CD: 84448487          
83D1: 11111114          
83D5: 14111414          
83D9: 14464644          
83DD: 445A5555          
83E1: 77577858          
83E5: 545EEEED          
83E9: B2229484          
83ED: 48488868          
83F1: 86884848          
83F5: 48488877          
83F9: 11111111          
83FD: 11111114          
8401: 41446466          
8405: 46E35555          
8409: 57758485          
840D: 3EEEEEDA          
8411: B2288448          
8415: 44848848          
8419: 48484848          
841D: 44847857          
8421: 11411141          
8425: 41111411          
8429: 94944644          
842D: 65D35355          
8431: 55848545          
8435: EEEEAAFA          
8439: A2228444          
843D: 48484884          
8441: 88848484          
8445: 84888775          
8449: 11111111          
844D: 11411116          
8451: 11419844          
8455: 3E355555          
8459: 8448855A          
845D: EEEAAAEA          
8461: AC284181          
8465: 24484848          
8469: 48484848          
846D: 48875555          
8471: 11111141          
8475: 41111411          
8479: 91944418          
847D: E3555578          
8481: 8887875E          
8485: AAAAAAAA          
8489: AB291414          
848D: 44244848          
8491: 88848488          
8495: 88777575          
8499: 11111111          
849D: 14111111          
84A1: 14119183          
84A5: 35577878          
84A9: 884445EA          
84AD: EAAAAAAA          
84B1: AA041441          
84B5: 41448484          
84B9: 48888888          
84BD: 75757555          
84C1: 11111111          
84C5: 41411114          
84C9: 1141193E          
84CD: 57785886          
84D1: 84417AEE          
84D5: AAAAAAAA          
84D9: AA144184          
84DD: 11411844          
84E1: 84487755          
84E5: 57575757          
84E9: 11111114          
84ED: 11111111          
84F1: 141113D7          
84F5: 77889899          
84F9: 1117AEAA          
84FD: AAAAAAAA          
8501: AB111411          
8505: 14114484          
8509: 88575557          
850D: 777555A7          
8511: 11111111          
8515: 14141414          
8519: 11118556          
851D: 78664110          
8521: 16AAAAAA          
8525: AAAAAAAA          
8529: A7441141          
852D: 41444848          
8531: 77557775          
8535: 7557A777          
8539: 11111111          
853D: 41411111          
8541: 41858791          
8545: 11111118          
8549: 5AAAAAAA          
854D: AAAAAAAA          
8551: A1444111          
8555: 11448877          
8559: 77757777          
855D: 57776777          
8561: 11111111          
8565: 11114141          
8569: 11881112          
856D: 23333335          
8571: AAAAAAAA          
8575: AAAAAAAA          
8579: 41441441          
857D: 41447778          
8581: 75777777          
8585: 66777766          
8589: 11111111          
858D: 11141111          
8591: 41110023          
8595: 33333333          
8599: EAAAAAAA          
859D: AAAAAAA7          
85A1: 44444111          
85A5: 14487785          
85A9: 77777664          
85AD: 66666664          
85B1: 11101010          
85B5: 41111411          
85B9: 14410233          
85BD: 3333333E          
85C1: EAAAAAAA          
85C5: AAAAAAB1          
85C9: 44441114          
85CD: 48877777          
85D1: 76644644          
85D5: 64464644          
85D9: 01110111          
85DD: 01110414          
85E1: 11112333          
85E5: 2322223E          
85E9: EEAAAAAA          
85ED: AAAABB44          
85F1: 44414444          
85F5: 84777777          
85F9: 64444444          
85FD: 44444444          
8601: 40104001          
8605: 04014111          
8609: 14123222          
860D: 212855DD          
8611: DDAAAAAB          
8615: AABA6441          
8619: 41444468          
861D: 68778784          
8621: 41444444          
8625: 44444444          
8629: 10101040          
862D: 11011011          
8631: 41232222          
8635: 21888B55          
8639: 5A57BBBB          
863D: BBB94444          
8641: 44444487          
8645: 78686414          
8649: 41411114          
864D: 14444444          
8651: 01010101          
8655: 00401140          
8659: 44222221          
865D: 1888888B          
8661: 5899CB67          
8665: A6644444          
8669: 14144648          
866D: 87444414          
8671: 14144444          
8675: 44141414          
8679: 00400010          
867D: 40040044          
8681: 41232221          
8685: 4C988888          
8689: 8891CBB6          
868D: 44444444          
8691: 41414484          
8695: 44441141          
8699: 41411114          
869D: 11414144          
86A1: 01001101          
86A5: 01100404          
86A9: 10234244          
86AD: 6C444988          
86B1: 911149B5          
86B5: 11444411          
86B9: 41111144          
86BD: 41111414          
86C1: 14141411          
86C5: 14111111          
86C9: 10040001          
86CD: 01001041          
86D1: 00174447          
86D5: 7C644644          
86D9: 446444DD          
86DD: D4111111          
86E1: 01010101          
86E5: 01011011          
86E9: 10101111          
86ED: 11110100          
86F1: 00100100          
86F5: 10000410          
86F9: 0014447B          
86FD: CC144444          
8701: 444404BB          
8705: DD111114          
8709: 44444888          
870D: 88DDDEEE          
8711: EEEEEEEE          
8715: EEEDEDDD          
8719: 00000000          
871D: 01114001          
8721: 188685DB          
8725: C8911198          
8729: 885D88DD          
872D: DEEDEEEE          
8731: FEEFFFFF          
8735: FFFFFFFF          
8739: FFFFFFFF          
873D: FFFFFFFF          
8741: 88855DDD          
8745: DEEFD1DF          
8749: EFEEEEEE          
874D: DDD888DD          
8751: DEDEEEDE          
8755: DEFFFFFF          
8759: FFFFFFFF          
875D: FEFFFFFF          
8761: EFFFEEEE          
8765: EEEEEFFF          
8769: FEFFFFFF          
876D: FFEE2DFF          
8771: EEEEEDDD          
8775: D288DD5D          
8779: EDEEEEEE          
877D: EEEEEEFF          
8781: FEFFEEEE          
8785: EEEFEEFE          
8789: FFFFEEEF          
878D: EEEEEEEE          
8791: EEEEEEEE          
8795: EEE3EFEE          
8799: EEEDD2D2          
879D: 888D8DDD          
87A1: DDDEDEEE          
87A5: EEEEFEEE          
87A9: EEEEEEEE          
87AD: EEEEEEEE          
87B1: DDDEEEEE          
87B5: EEEEEEEE          
87B9: DDDDDDDD          
87BD: ED2DDDDD          
87C1: DDDD8888          
87C5: 88C888DD          
87C9: 5DDDDDDD          
87CD: DDEDDDDD          
87D1: DDEDEDED          
87D5: DDDDDDDD          
87D9: BDBB8BBD          
87DD: DDDDD8DD          


; +++ segments +++

#CODE          = $8000 = 32768,  size = $07E1 =  2017

; +++ global symbols +++

_end    = $87E1 = 34785          image.asm:2 (unused)
_size   = $07E1 =  2017          image.asm:2 (unused)
image   = $8011 = 32785          image.asm:17
write   = $8007 = 32775          image.asm:7


total time: 0.0018 sec.
no errors
