                        ; --------------------------------------
                        ; zasm: assemble "simple.asm"
                        ; date: 2025-10-22 07:57:40
                        ; --------------------------------------


5000:                   STACK = $5000
                        
8000:                           .org $8000
8000: 310050   [10]     reset:	ld sp, STACK
8003: F3       [14]     				di
                        				
8004: 011480   [24]     				ld bc, image
8007: 210080   [34]     				ld hl, $8000
800A: 0A       [ 7]     wipe:		ld a, (bc)
800B: 77       [14]     				ld (hl), a
800C: 03       [20]     				inc bc
800D: 23       [26]     				inc hl
800E: 7C       [30]     				ld a, h
800F: B5       [34]     				or l
8010: C20A80   [44|44]  				jp nz, wipe
8013: 76       [48]     				halt
                        
8014: 11111111          image:	.incbin "out80x50.bin"
8018: 11111111          
801C: 11111C1C          
8020: 1C1C1C1C          
8024: 9C9C8B8B          
8028: BBBBCCCC          
802C: CC9CC9CC          
8030: 1C9C9C19          
8034: 99999966          
8038: 96666667          
803C: 11111111          
8040: 11111111          
8044: 11C1C1C1          
8048: C1C111C1          
804C: C9CCC8C8          
8050: B8B8BCC9          
8054: CC1C1C1C          
8058: C1C1C1CC          
805C: 19919994          
8060: 69476666          
8064: 10111111          
8068: 11111111          
806C: 1111111C          
8070: 1C1C1C1C          
8074: 9C9C8BBB          
8078: BCBBCCCC          
807C: 9CC1C1C1          
8080: CC1C1C19          
8084: C9999499          
8088: 46696666          
808C: 01111111          
8090: 11111111          
8094: 1111C1C1          
8098: C1C1C1C1          
809C: C9C9C8C8          
80A0: B8B8B9C9          
80A4: CC9CCCCC          
80A8: C1C1CC9C          
80AC: 91999999          
80B0: 96946646          
80B4: 11101111          
80B8: 11111111          
80BC: C1C1C1C1          
80C0: C1C1C1CC          
80C4: C9C9C8BB          
80C8: 8BBBCC9B          
80CC: 99C99999          
80D0: C9CC9191          
80D4: 99969696          
80D8: 94696466          
80DC: 11111111          
80E0: 11111111          
80E4: 1111C1C9          
80E8: 9C9C1C19          
80EC: C9999B8B          
80F0: B8B8BBB9          
80F4: C9C9CCC9          
80F8: 9C999C99          
80FC: 96969679          
8100: 99669666          
8104: 11111111          
8108: 11111C11          
810C: C11C1C91          
8110: 9999C9C9          
8114: 9C9C98B8          
8118: BB8BB9CB          
811C: BC9C999C          
8120: 99999999          
8124: 99697777          
8128: 76867697          
812C: 11111111          
8130: 11111111          
8134: 11C1999C          
8138: 99999999          
813C: 999999B8          
8140: B8BB8BBB          
8144: 9BB9C8C8          
8148: 88C99996          
814C: 96997798          
8150: 68979666          
8154: 11111121          
8158: 11111C1C          
815C: 1C1C9999          
8160: 99999999          
8164: 99798B88          
8168: 85BBB988          
816C: BB8B8B8B          
8170: 8B899997          
8174: 77777779          
8178: 96767677          
817C: 11111111          
8180: 11111111          
8184: 91919999          
8188: 99999677          
818C: 7777977B          
8190: 89D3DAAB          
8194: B8BB8B8B          
8198: 88B88979          
819C: 77997987          
81A0: 86867667          
81A4: 11111118          
81A8: 19119199          
81AC: 19999999          
81B0: 77779797          
81B4: 97777879          
81B8: 75E33DBA          
81BC: AB8BB8B8          
81C0: 8B899799          
81C4: 99779799          
81C8: 99486666          
81CC: 14414484          
81D0: 14119191          
81D4: 99669677          
81D8: 79797677          
81DC: 77777775          
81E0: AAA333CC          
81E4: CAB8B8B8          
81E8: B9898799          
81EC: 97999898          
81F0: 99964646          
81F4: 44444444          
81F8: 48444666          
81FC: 66696966          
8200: 76776777          
8204: 777768AA          
8208: A555338C          
820C: CCBECC88          
8210: 88B89999          
8214: 99999999          
8218: 94848494          
821C: 44444444          
8220: 44464466          
8224: 46666766          
8228: 67677667          
822C: 77766AA5          
8230: 555533CC          
8234: 1CCEFDCC          
8238: 8B898999          
823C: 99999989          
8240: 89199494          
8244: 44444449          
8248: 44444646          
824C: 66666666          
8250: 66676666          
8254: 67665A55          
8258: 777533CC          
825C: 11CBFFD8          
8260: 98989899          
8264: 99999999          
8268: 19819994          
826C: 44444444          
8270: 44646466          
8274: 66666674          
8278: 74767667          
827C: 7665D555          
8280: 577533CC          
8284: CCCDBBDD          
8288: 99899999          
828C: 99919919          
8290: 99199946          
8294: 44444444          
8298: 44444464          
829C: 64666647          
82A0: 47676667          
82A4: 465D5555          
82A8: 5553331C          
82AC: CCBDCCBB          
82B0: 99989999          
82B4: 99199199          
82B8: 19899966          
82BC: 44144444          
82C0: 44444446          
82C4: 46466666          
82C8: 64646664          
82CC: 75D55555          
82D0: 5533330C          
82D4: CCC16999          
82D8: 99998999          
82DC: 99919999          
82E0: 89988977          
82E4: 14141444          
82E8: 44444444          
82EC: 64644664          
82F0: 66666647          
82F4: D5555555          
82F8: 55533320          
82FC: CC177999          
8300: 98989999          
8304: 99991999          
8308: 98999797          
830C: 41141444          
8310: 44444444          
8314: 44446646          
8318: 6446447D          
831C: 55575555          
8320: 55553222          
8324: 20679968          
8328: 99999819          
832C: 91919989          
8330: 89989877          
8334: 11411114          
8338: 14114144          
833C: 44464464          
8340: 466447D5          
8344: 55575555          
8348: 55353D22          
834C: D2669686          
8350: 98989999          
8354: 98698688          
8358: 98877777          
835C: 11114141          
8360: 41411444          
8364: 44446464          
8368: 644475A5          
836C: 57777755          
8370: 55535351          
8374: 2D266648          
8378: 68888888          
837C: 68668968          
8380: 77887877          
8384: 41411414          
8388: 14141114          
838C: 44644644          
8390: 44465557          
8394: 77777555          
8398: 53555D30          
839C: 22D64884          
83A0: 88898868          
83A4: 88884886          
83A8: 88778786          
83AC: 11111141          
83B0: 41411141          
83B4: 44444646          
83B8: 4445A575          
83BC: 55755575          
83C0: 88555EE8          
83C4: 22224448          
83C8: 84888888          
83CC: 78748784          
83D0: 84448487          
83D4: 11111114          
83D8: 14111414          
83DC: 14464644          
83E0: 445A5555          
83E4: 77577858          
83E8: 545EEEED          
83EC: B2229484          
83F0: 48488868          
83F4: 86884848          
83F8: 48488877          
83FC: 11111111          
8400: 11111114          
8404: 41446466          
8408: 46E35555          
840C: 57758485          
8410: 3EEEEEDA          
8414: B2288448          
8418: 44848848          
841C: 48484848          
8420: 44847857          
8424: 11411141          
8428: 41111411          
842C: 94944644          
8430: 65D35355          
8434: 55848545          
8438: EEEEAAFA          
843C: A2228444          
8440: 48484884          
8444: 88848484          
8448: 84888775          
844C: 11111111          
8450: 11411116          
8454: 11419844          
8458: 3E355555          
845C: 8448855A          
8460: EEEAAAEA          
8464: AC284181          
8468: 24484848          
846C: 48484848          
8470: 48875555          
8474: 11111141          
8478: 41111411          
847C: 91944418          
8480: E3555578          
8484: 8887875E          
8488: AAAAAAAA          
848C: AB291414          
8490: 44244848          
8494: 88848488          
8498: 88777575          
849C: 11111111          
84A0: 14111111          
84A4: 14119183          
84A8: 35577878          
84AC: 884445EA          
84B0: EAAAAAAA          
84B4: AA041441          
84B8: 41448484          
84BC: 48888888          
84C0: 75757555          
84C4: 11111111          
84C8: 41411114          
84CC: 1141193E          
84D0: 57785886          
84D4: 84417AEE          
84D8: AAAAAAAA          
84DC: AA144184          
84E0: 11411844          
84E4: 84487755          
84E8: 57575757          
84EC: 11111114          
84F0: 11111111          
84F4: 141113D7          
84F8: 77889899          
84FC: 1117AEAA          
8500: AAAAAAAA          
8504: AB111411          
8508: 14114484          
850C: 88575557          
8510: 777555A7          
8514: 11111111          
8518: 14141414          
851C: 11118556          
8520: 78664110          
8524: 16AAAAAA          
8528: AAAAAAAA          
852C: A7441141          
8530: 41444848          
8534: 77557775          
8538: 7557A777          
853C: 11111111          
8540: 41411111          
8544: 41858791          
8548: 11111118          
854C: 5AAAAAAA          
8550: AAAAAAAA          
8554: A1444111          
8558: 11448877          
855C: 77757777          
8560: 57776777          
8564: 11111111          
8568: 11114141          
856C: 11881112          
8570: 23333335          
8574: AAAAAAAA          
8578: AAAAAAAA          
857C: 41441441          
8580: 41447778          
8584: 75777777          
8588: 66777766          
858C: 11111111          
8590: 11141111          
8594: 41110023          
8598: 33333333          
859C: EAAAAAAA          
85A0: AAAAAAA7          
85A4: 44444111          
85A8: 14487785          
85AC: 77777664          
85B0: 66666664          
85B4: 11101010          
85B8: 41111411          
85BC: 14410233          
85C0: 3333333E          
85C4: EAAAAAAA          
85C8: AAAAAAB1          
85CC: 44441114          
85D0: 48877777          
85D4: 76644644          
85D8: 64464644          
85DC: 01110111          
85E0: 01110414          
85E4: 11112333          
85E8: 2322223E          
85EC: EEAAAAAA          
85F0: AAAABB44          
85F4: 44414444          
85F8: 84777777          
85FC: 64444444          
8600: 44444444          
8604: 40104001          
8608: 04014111          
860C: 14123222          
8610: 212855DD          
8614: DDAAAAAB          
8618: AABA6441          
861C: 41444468          
8620: 68778784          
8624: 41444444          
8628: 44444444          
862C: 10101040          
8630: 11011011          
8634: 41232222          
8638: 21888B55          
863C: 5A57BBBB          
8640: BBB94444          
8644: 44444487          
8648: 78686414          
864C: 41411114          
8650: 14444444          
8654: 01010101          
8658: 00401140          
865C: 44222221          
8660: 1888888B          
8664: 5899CB67          
8668: A6644444          
866C: 14144648          
8670: 87444414          
8674: 14144444          
8678: 44141414          
867C: 00400010          
8680: 40040044          
8684: 41232221          
8688: 4C988888          
868C: 8891CBB6          
8690: 44444444          
8694: 41414484          
8698: 44441141          
869C: 41411114          
86A0: 11414144          
86A4: 01001101          
86A8: 01100404          
86AC: 10234244          
86B0: 6C444988          
86B4: 911149B5          
86B8: 11444411          
86BC: 41111144          
86C0: 41111414          
86C4: 14141411          
86C8: 14111111          
86CC: 10040001          
86D0: 01001041          
86D4: 00174447          
86D8: 7C644644          
86DC: 446444DD          
86E0: D4111111          
86E4: 01010101          
86E8: 01011011          
86EC: 10101111          
86F0: 11110100          
86F4: 00100100          
86F8: 10000410          
86FC: 0014447B          
8700: CC144444          
8704: 444404BB          
8708: DD111114          
870C: 44444888          
8710: 88DDDEEE          
8714: EEEEEEEE          
8718: EEEDEDDD          
871C: 00000000          
8720: 01114001          
8724: 188685DB          
8728: C8911198          
872C: 885D88DD          
8730: DEEDEEEE          
8734: FEEFFFFF          
8738: FFFFFFFF          
873C: FFFFFFFF          
8740: FFFFFFFF          
8744: 88855DDD          
8748: DEEFD1DF          
874C: EFEEEEEE          
8750: DDD888DD          
8754: DEDEEEDE          
8758: DEFFFFFF          
875C: FFFFFFFF          
8760: FEFFFFFF          
8764: EFFFEEEE          
8768: EEEEEFFF          
876C: FEFFFFFF          
8770: FFEE2DFF          
8774: EEEEEDDD          
8778: D288DD5D          
877C: EDEEEEEE          
8780: EEEEEEFF          
8784: FEFFEEEE          
8788: EEEFEEFE          
878C: FFFFEEEF          
8790: EEEEEEEE          
8794: EEEEEEEE          
8798: EEE3EFEE          
879C: EEEDD2D2          
87A0: 888D8DDD          
87A4: DDDEDEEE          
87A8: EEEEFEEE          
87AC: EEEEEEEE          
87B0: EEEEEEEE          
87B4: DDDEEEEE          
87B8: EEEEEEEE          
87BC: DDDDDDDD          
87C0: ED2DDDDD          
87C4: DDDD8888          
87C8: 88C888DD          
87CC: 5DDDDDDD          
87D0: DDEDDDDD          
87D4: DDEDEDED          
87D8: DDDDDDDD          
87DC: BDBB8BBD          
87E0: DDDDD8DD          


; +++ segments +++

#CODE          = $8000 = 32768,  size = $07E4 =  2020

; +++ global symbols +++

STACK   = $5000 = 20480          simple.asm:1
_end    = $87E4 = 34788          simple.asm:3 (unused)
_size   = $07E4 =  2020          simple.asm:3 (unused)
image   = $8014 = 32788          simple.asm:18
reset   = $8000 = 32768          simple.asm:4 (unused)
wipe    = $800A = 32778          simple.asm:9


total time: 0.0023 sec.
no errors
