                        ; --------------------------------------
                        ; zasm: assemble "ram.asm"
                        ; date: 2025-08-07 20:19:36
                        ; --------------------------------------


                        ;+-- Symbols ---
                        SIO_DATA = %00000000
                        SIO_CMD	= %00000010
                        ;---
                        
                        ;+-- Reset --- 
0000:                           .org $0000
                        
0000:                   reset:
0000: 3E03     [ 7]     				ld a, %00000011       ; Select WR3
0002: D302     [18]     				out (SIO_CMD), a
0004: 3EC1     [25]             ld a, %11000001
                        				;      ││     └─────── Rx Enable
                        				;      └┴───────────── 8 bits per character
0006: D302     [36]             out (SIO_CMD), a
                        
0008: 3E04     [43]             ld a, %00000100       ; Select WR4
000A: D302     [54]             out (SIO_CMD), a
000C: 3E87     [61]             ld a, %10000111
                        				;      │││││││└─────── Parity Enable
                        				;      ││││││└──────── Parity Even
                        				;      ││││└┴───────── 1 Stop Bit
                        				;      ││└┴─────────── Sync Mode Disable
                        				;      └┴───────────── X32 Clock Mode 
000E: D302     [72]             out (SIO_CMD), a
                        
0010: 3E05     [79]     				ld a, %00000101       ; Select WR5
0012: D302     [90]             out (SIO_CMD), a
0014: 3E68     [97]             ld a, %01101000
                        				;       ││ └────────── Tx Enable
                        				;       └┴──────────── 8 bits per character 
0016: D302     [108]            out (SIO_CMD), a 
                        
0018: 210050   [118]    				ld hl, $5000
001B: F9       [124]    				ld sp, hl
                        				
001C: 014200   [134]    				ld bc, $42
001F: C5       [145]    				push bc
0020: 016400   [155]    				ld bc, $64
0023: C1       [165]    				pop bc
0024: 79       [169]    				ld a, c
0025: D300     [180]    				out (SIO_DATA), a
0027:                   loop:
0027: C32700   [10]     				jp loop
                        ;---


; +++ segments +++

#CODE          = $0000 =     0,  size = $002A =    42

; +++ global symbols +++

SIO_CMD  = $0002 =     2          ram.asm:3
SIO_DATA = $0000 =     0          ram.asm:2
_end     = $002A =    42          ram.asm:7 (unused)
_size    = $002A =    42          ram.asm:7 (unused)
loop     = $0027 =    39          ram.asm:43
reset    = $0000 =     0          ram.asm:9 (unused)


total time: 0.0011 sec.
no errors
