                        ; --------------------------------------
                        ; zasm: assemble "psg.asm"
                        ; date: 2025-02-12 13:29:44
                        ; --------------------------------------


                        WRITE		 = $0000
                        ADDRESS  = $0001
                        
0000:                   				.org $0000
                        			
0000: 3E00     [ 7]     				ld a,$00
0002: D301     [18]     				out ADDRESS,a
                        
0004: 3EDE     [25]     				ld a,$DE
0006: D300     [36]     				out WRITE,a
                        
0008: 3E01     [43]     				ld a,$01
000A: D301     [54]     				out ADDRESS,a
                        
000C: 3E01     [61]     				ld a,$01
000E: D300     [72]     				out WRITE,a
                        
0010: 3E07     [79]     				ld a,$07
0012: D301     [90]     				out ADDRESS,a
                        
0014: 3EFE     [97]     				ld a,$FE
0016: D300     [108]    				out WRITE,a
                        
0018: 3E08     [115]    				ld a,$08
001A: D301     [126]    				out ADDRESS,a
                        
001C: 3E0F     [133]    				ld a,$0F
001E: D300     [144]    				out WRITE,a
                        
0020:                   loop:
0020: C32000   [10]     				jp loop
                        
                        				.org $7FFF
7FFF: 00                				.db $00


; +++ segments +++

#CODE          = $0000 =     0,  size = $8000 = 32768

; +++ global symbols +++

ADDRESS = $0001 =     1          psg.asm:2
WRITE   = $0000 =     0          psg.asm:1
_end    = $8000 = 32768          psg.asm:4 (unused)
_size   = $8000 = 32768          psg.asm:4 (unused)
loop    = $0020 =    32          psg.asm:30


total time: 0.0026 sec.
no errors
